2015-06-28 15:09:34,671 - root - INFO - csdn_askisflow_num:0flow_rate:0.0extract_rate:2038.7
2015-06-28 15:09:34,867 - root - INFO - lagouisflow_num:0flow_rate:0.0extract_rate:3611.5
2015-06-28 15:09:34,934 - root - INFO - oschina_questionisflow_num:0flow_rate:0.0extract_rate:4685.5
2015-06-28 15:09:34,967 - root - INFO - neituiisflow_num:0flow_rate:0.0extract_rate:2140.3
2015-06-28 15:09:35,000 - root - INFO - cnblog_questionisflow_num:0flow_rate:0.0extract_rate:1040.3
2015-06-28 15:09:35,033 - root - INFO - lupaworldisflow_num:0flow_rate:0.0extract_rate:899.6
2015-06-28 15:09:35,157 - root - INFO - openhub_projectisflow_num:0flow_rate:0.0extract_rate:30917.4
2015-06-28 15:09:35,210 - root - INFO - codeprojectisflow_num:0flow_rate:0.0extract_rate:500.2
2015-06-28 15:09:35,246 - root - INFO - softpediaisflow_num:0flow_rate:0.0extract_rate:46.36
2015-06-28 15:09:35,278 - root - INFO - slashdotisflow_num:0flow_rate:0.0extract_rate:120.2
2015-06-28 15:09:35,312 - root - INFO - oschina_projectisflow_num:0flow_rate:0.0extract_rate:2997
2015-06-28 15:09:35,344 - root - INFO - iteye_askisflow_num:0flow_rate:0.0extract_rate:9589.5
2015-06-28 15:09:35,384 - root - INFO - stackoverflow_qisflow_num:0flow_rate:0.0extract_rate:148822.9
2015-06-28 15:09:35,423 - root - INFO - sourceforge_projectisflow_num:0flow_rate:0.0extract_rate:36495.5
2015-06-28 15:09:35,467 - root - INFO - linuxtoneisflow_num:0flow_rate:0.0extract_rate:555.2
2015-06-28 15:09:35,500 - root - INFO - apacheisflow_num:0flow_rate:0.0extract_rate:24.7
2015-06-28 15:09:35,532 - root - INFO - phpchinaisflow_num:0flow_rate:0.0extract_rate:6248.2
2015-06-28 15:09:35,566 - root - INFO - dewen_questionisflow_num:0flow_rate:0.0extract_rate:1437.7
2015-06-28 15:09:35,611 - root - INFO - csdn_topicsisflow_num:0flow_rate:0.0extract_rate:95217.6
2015-06-28 15:09:35,645 - root - INFO - csdn_blogsisflow_num:0flow_rate:0.0extract_rate:1066.9
2015-06-28 15:09:35,677 - root - INFO - gnaisflow_num:0flow_rate:0.0extract_rate:121
2015-06-28 15:09:35,710 - root - INFO - 51cto_blogisflow_num:0flow_rate:0.0extract_rate:294.3
2015-06-28 15:09:35,743 - root - INFO - freecode_projectsisflow_num:0flow_rate:0.0extract_rate:4070.5
2015-06-28 15:09:35,778 - root - INFO - cnblog_newsisflow_num:0flow_rate:0.0extract_rate:15156.1
2015-06-28 15:09:35,822 - root - INFO - iteye_blogisflow_num:0flow_rate:0.0extract_rate:36
2015-06-28 15:11:36,582 - root - INFO - csdn_askisflow_num:0flow_rate:0.0extract_rate:2038.7
2015-06-28 15:11:36,630 - root - INFO - lagouisflow_num:0flow_rate:0.0extract_rate:3611.5
2015-06-28 15:11:36,661 - root - INFO - oschina_questionisflow_num:0flow_rate:0.0extract_rate:4685.5
2015-06-28 15:11:36,694 - root - INFO - neituiisflow_num:0flow_rate:0.0extract_rate:2140.3
2015-06-28 15:11:36,726 - root - INFO - cnblog_questionisflow_num:0flow_rate:0.0extract_rate:1040.3
2015-06-28 15:11:36,763 - root - INFO - lupaworldisflow_num:0flow_rate:0.0extract_rate:899.6
2015-06-28 15:11:36,793 - root - INFO - openhub_projectisflow_num:0flow_rate:0.0extract_rate:30917.4
2015-06-28 15:11:36,828 - root - INFO - codeprojectisflow_num:0flow_rate:0.0extract_rate:500.2
2015-06-28 15:11:36,859 - root - INFO - softpediaisflow_num:0flow_rate:0.0extract_rate:46.36
2015-06-28 15:11:36,894 - root - INFO - slashdotisflow_num:0flow_rate:0.0extract_rate:120.2
2015-06-28 15:11:36,927 - root - INFO - oschina_projectisflow_num:0flow_rate:0.0extract_rate:2997
2015-06-28 15:11:36,973 - root - INFO - iteye_askisflow_num:0flow_rate:0.0extract_rate:9589.5
2015-06-28 15:11:37,016 - root - INFO - stackoverflow_qisflow_num:0flow_rate:0.0extract_rate:148822.9
2015-06-28 15:11:37,049 - root - INFO - sourceforge_projectisflow_num:0flow_rate:0.0extract_rate:36495.5
2015-06-28 15:11:37,188 - root - INFO - linuxtoneisflow_num:0flow_rate:0.0extract_rate:555.2
2015-06-28 15:11:37,227 - root - INFO - apacheisflow_num:0flow_rate:0.0extract_rate:24.7
2015-06-28 15:11:37,282 - root - INFO - phpchinaisflow_num:0flow_rate:0.0extract_rate:6248.2
2015-06-28 15:11:37,329 - root - INFO - dewen_questionisflow_num:0flow_rate:0.0extract_rate:1437.7
2015-06-28 15:11:37,371 - root - INFO - csdn_topicsisflow_num:0flow_rate:0.0extract_rate:95217.6
2015-06-28 15:11:37,404 - root - INFO - csdn_blogsisflow_num:0flow_rate:0.0extract_rate:1066.9
2015-06-28 15:11:37,440 - root - INFO - gnaisflow_num:0flow_rate:0.0extract_rate:121
2015-06-28 15:11:37,470 - root - INFO - 51cto_blogisflow_num:0flow_rate:0.0extract_rate:294.3
2015-06-28 15:11:37,505 - root - INFO - freecode_projectsisflow_num:0flow_rate:0.0extract_rate:4070.5
2015-06-28 15:11:37,552 - root - INFO - cnblog_newsisflow_num:0flow_rate:0.0extract_rate:15156.1
2015-06-28 15:11:37,605 - root - INFO - iteye_blogisflow_num:0flow_rate:0.0extract_rate:36
2015-06-28 15:14:43,180 - root - INFO - csdn_askisflow_num:0flow_rate:0.0extract_rate:2038.7
2015-06-28 15:14:43,252 - root - INFO - lagouisflow_num:0flow_rate:0.0extract_rate:3611.5
2015-06-28 15:14:43,282 - root - INFO - oschina_questionisflow_num:0flow_rate:0.0extract_rate:4685.5
2015-06-28 15:14:43,316 - root - INFO - neituiisflow_num:0flow_rate:0.0extract_rate:2140.3
2015-06-28 15:14:43,348 - root - INFO - cnblog_questionisflow_num:0flow_rate:0.0extract_rate:1040.3
2015-06-28 15:14:43,384 - root - INFO - lupaworldisflow_num:0flow_rate:0.0extract_rate:899.6
2015-06-28 15:14:43,451 - root - INFO - openhub_projectisflow_num:0flow_rate:0.0extract_rate:30917.4
2015-06-28 15:14:43,483 - root - INFO - codeprojectisflow_num:0flow_rate:0.0extract_rate:500.2
2015-06-28 15:14:43,516 - root - INFO - softpediaisflow_num:0flow_rate:0.0extract_rate:46.36
2015-06-28 15:14:43,549 - root - INFO - slashdotisflow_num:0flow_rate:0.0extract_rate:120.2
2015-06-28 15:14:43,582 - root - INFO - oschina_projectisflow_num:0flow_rate:0.0extract_rate:2997
2015-06-28 15:14:43,615 - root - INFO - iteye_askisflow_num:0flow_rate:0.0extract_rate:9589.5
2015-06-28 15:14:43,663 - root - INFO - stackoverflow_qisflow_num:0flow_rate:0.0extract_rate:148822.9
2015-06-28 15:14:43,694 - root - INFO - sourceforge_projectisflow_num:0flow_rate:0.0extract_rate:36495.5
2015-06-28 15:14:43,727 - root - INFO - linuxtoneisflow_num:0flow_rate:0.0extract_rate:555.2
2015-06-28 15:14:43,759 - root - INFO - apacheisflow_num:0flow_rate:0.0extract_rate:24.7
2015-06-28 15:14:43,795 - root - INFO - phpchinaisflow_num:0flow_rate:0.0extract_rate:6248.2
2015-06-28 15:14:43,826 - root - INFO - dewen_questionisflow_num:0flow_rate:0.0extract_rate:1437.7
2015-06-28 15:14:43,874 - root - INFO - csdn_topicsisflow_num:0flow_rate:0.0extract_rate:95217.6
2015-06-28 15:14:43,904 - root - INFO - csdn_blogsisflow_num:0flow_rate:0.0extract_rate:1066.9
2015-06-28 15:14:43,937 - root - INFO - gnaisflow_num:0flow_rate:0.0extract_rate:121
2015-06-28 15:14:43,970 - root - INFO - 51cto_blogisflow_num:0flow_rate:0.0extract_rate:294.3
2015-06-28 15:14:44,005 - root - INFO - freecode_projectsisflow_num:0flow_rate:0.0extract_rate:4070.5
2015-06-28 15:14:44,051 - root - INFO - cnblog_newsisflow_num:0flow_rate:0.0extract_rate:15156.1
2015-06-28 15:14:44,082 - root - INFO - iteye_blogisflow_num:0flow_rate:0.0extract_rate:36
2015-06-28 15:17:21,805 - root - INFO - csdn_askisflow_num:0flow_rate:0.0extract_rate:2038.7
2015-06-28 15:17:56,891 - root - INFO - csdn_askisflow_num:0flow_rate:0.0extract_rate:2038.7
2015-06-28 15:17:56,986 - root - INFO - lagouisflow_num:0flow_rate:0.0extract_rate:3611.5
2015-06-28 15:17:57,019 - root - INFO - oschina_questionisflow_num:0flow_rate:0.0extract_rate:4685.5
2015-06-28 15:17:57,052 - root - INFO - neituiisflow_num:0flow_rate:0.0extract_rate:2140.3
2015-06-28 15:17:57,200 - root - INFO - cnblog_questionisflow_num:0flow_rate:0.0extract_rate:1040.3
2015-06-28 15:17:57,252 - root - INFO - lupaworldisflow_num:0flow_rate:0.0extract_rate:899.6
2015-06-28 15:17:57,285 - root - INFO - openhub_projectisflow_num:0flow_rate:0.0extract_rate:30917.4
2015-06-28 15:17:57,319 - root - INFO - codeprojectisflow_num:0flow_rate:0.0extract_rate:500.2
2015-06-28 15:17:57,351 - root - INFO - softpediaisflow_num:0flow_rate:0.0extract_rate:46.36
2015-06-28 15:17:57,384 - root - INFO - slashdotisflow_num:0flow_rate:0.0extract_rate:120.2
2015-06-28 15:17:57,428 - root - INFO - oschina_projectisflow_num:0flow_rate:0.0extract_rate:2997
2015-06-28 15:17:57,463 - root - INFO - iteye_askisflow_num:0flow_rate:0.0extract_rate:9589.5
2015-06-28 15:17:57,496 - root - INFO - stackoverflow_qisflow_num:0flow_rate:0.0extract_rate:148822.9
2015-06-28 15:17:57,529 - root - INFO - sourceforge_projectisflow_num:0flow_rate:0.0extract_rate:36495.5
2015-06-28 15:17:57,562 - root - INFO - linuxtoneisflow_num:0flow_rate:0.0extract_rate:555.2
2015-06-28 15:17:57,607 - root - INFO - apacheisflow_num:0flow_rate:0.0extract_rate:24.7
2015-06-28 15:17:57,640 - root - INFO - phpchinaisflow_num:0flow_rate:0.0extract_rate:6248.2
2015-06-28 15:17:57,674 - root - INFO - dewen_questionisflow_num:0flow_rate:0.0extract_rate:1437.7
2015-06-28 15:17:57,707 - root - INFO - csdn_topicsisflow_num:0flow_rate:0.0extract_rate:95217.6
2015-06-28 15:17:57,740 - root - INFO - csdn_blogsisflow_num:0flow_rate:0.0extract_rate:1066.9
2015-06-28 15:17:57,773 - root - INFO - gnaisflow_num:0flow_rate:0.0extract_rate:121
2015-06-28 15:17:57,818 - root - INFO - 51cto_blogisflow_num:0flow_rate:0.0extract_rate:294.3
2015-06-28 15:17:57,851 - root - INFO - freecode_projectsisflow_num:0flow_rate:0.0extract_rate:4070.5
2015-06-28 15:17:57,884 - root - INFO - cnblog_newsisflow_num:0flow_rate:0.0extract_rate:15156.1
2015-06-28 15:17:57,917 - root - INFO - iteye_blogisflow_num:0flow_rate:0.0extract_rate:36
2015-06-29 09:03:02,841 - root - INFO - csdn_ask:flow_num:0 flow_rate:0.0 extract_rate:2038.7
2015-06-29 09:03:03,417 - root - INFO - lagou:flow_num:0 flow_rate:0.0 extract_rate:3611.5
2015-06-29 09:03:03,558 - root - INFO - oschina_question:flow_num:0 flow_rate:0.0 extract_rate:4685.5
2015-06-29 09:03:03,635 - root - INFO - neitui:flow_num:0 flow_rate:0.0 extract_rate:2140.3
2015-06-29 09:03:03,667 - root - INFO - cnblog_question:flow_num:0 flow_rate:0.0 extract_rate:1040.3
2015-06-29 09:03:03,701 - root - INFO - lupaworld:flow_num:0 flow_rate:0.0 extract_rate:899.6
2015-06-29 09:03:03,734 - root - INFO - openhub_project:flow_num:0 flow_rate:0.0 extract_rate:30917.4
2015-06-29 09:03:03,769 - root - INFO - codeproject:flow_num:0 flow_rate:0.0 extract_rate:500.2
2015-06-29 09:03:03,812 - root - INFO - softpedia:flow_num:0 flow_rate:0.0 extract_rate:46.36
2015-06-29 09:03:03,880 - root - INFO - slashdot:flow_num:0 flow_rate:0.0 extract_rate:120.2
2015-06-29 09:03:03,911 - root - INFO - oschina_project:flow_num:0 flow_rate:0.0 extract_rate:2997
2015-06-29 09:03:03,946 - root - INFO - iteye_ask:flow_num:0 flow_rate:0.0 extract_rate:9589.5
2015-06-29 09:03:03,990 - root - INFO - stackoverflow_q:flow_num:0 flow_rate:0.0 extract_rate:148822.9
2015-06-29 09:03:04,056 - root - INFO - sourceforge_project:flow_num:0 flow_rate:0.0 extract_rate:36495.5
2015-06-29 09:03:04,157 - root - INFO - linuxtone:flow_num:0 flow_rate:0.0 extract_rate:555.2
2015-06-29 09:03:04,200 - root - INFO - apache:flow_num:0 flow_rate:0.0 extract_rate:24.7
2015-06-29 09:03:04,267 - root - INFO - phpchina:flow_num:0 flow_rate:0.0 extract_rate:6248.2
2015-06-29 09:03:04,345 - root - INFO - dewen_question:flow_num:0 flow_rate:0.0 extract_rate:1437.7
2015-06-29 09:03:04,423 - root - INFO - csdn_topics:flow_num:0 flow_rate:0.0 extract_rate:95217.6
2015-06-29 09:03:04,486 - root - INFO - csdn_blogs:flow_num:0 flow_rate:0.0 extract_rate:1066.9
2015-06-29 09:03:04,555 - root - INFO - gna:flow_num:0 flow_rate:0.0 extract_rate:121
2015-06-29 09:03:04,634 - root - INFO - 51cto_blog:flow_num:0 flow_rate:0.0 extract_rate:294.3
2015-06-29 09:03:04,667 - root - INFO - freecode_projects:flow_num:0 flow_rate:0.0 extract_rate:4070.5
2015-06-29 09:03:04,701 - root - INFO - cnblog_news:flow_num:0 flow_rate:0.0 extract_rate:15156.1
2015-06-29 09:03:04,733 - root - INFO - iteye_blog:flow_num:0 flow_rate:0.0 extract_rate:36
2015-07-16 20:31:37,164 - root - INFO - time.struct_time(tm_year=2015, tm_mon=7, tm_mday=16, tm_hour=20, tm_min=31, tm_sec=37, tm_wday=3, tm_yday=197, tm_isdst=0)
2015-07-16 20:31:38,298 - root - INFO - csdn_ask:flow_num:0 flow_rate:0.0 extract_rate:2038.7
2015-07-16 20:31:38,655 - root - INFO - lagou:flow_num:0 flow_rate:0.0 extract_rate:3611.5
2015-07-16 20:31:38,733 - root - INFO - oschina_question:flow_num:0 flow_rate:0.0 extract_rate:4685.5
2015-07-16 20:31:38,778 - root - INFO - neitui:flow_num:0 flow_rate:0.0 extract_rate:2140.3
2015-07-16 20:31:38,855 - root - INFO - cnblog_question:flow_num:0 flow_rate:0.0 extract_rate:1040.3
2015-07-16 20:31:38,901 - root - INFO - lupaworld:flow_num:0 flow_rate:0.0 extract_rate:899.6
2015-07-16 20:31:38,954 - root - INFO - openhub_project:flow_num:0 flow_rate:0.0 extract_rate:30917.4
2015-07-16 20:31:39,121 - root - INFO - codeproject:flow_num:0 flow_rate:0.0 extract_rate:500.2
2015-07-16 20:31:39,154 - root - INFO - softpedia:flow_num:0 flow_rate:0.0 extract_rate:46.36
2015-07-16 20:31:39,221 - root - INFO - slashdot:flow_num:0 flow_rate:0.0 extract_rate:120.2
2015-07-16 20:31:39,255 - root - INFO - oschina_project:flow_num:0 flow_rate:0.0 extract_rate:2997
2015-07-16 20:31:39,289 - root - INFO - iteye_ask:flow_num:0 flow_rate:0.0 extract_rate:9589.5
2015-07-16 20:31:39,321 - root - INFO - stackoverflow_q:flow_num:0 flow_rate:0.0 extract_rate:148822.9
2015-07-16 20:31:39,388 - root - INFO - sourceforge_project:flow_num:0 flow_rate:0.0 extract_rate:36495.5
2015-07-16 20:31:39,431 - root - INFO - linuxtone:flow_num:0 flow_rate:0.0 extract_rate:555.2
2015-07-16 20:31:39,526 - root - INFO - apache:flow_num:0 flow_rate:0.0 extract_rate:24.7
2015-07-16 20:31:39,609 - root - INFO - phpchina:flow_num:0 flow_rate:0.0 extract_rate:6248.2
2015-07-16 20:31:39,677 - root - INFO - dewen_question:flow_num:0 flow_rate:0.0 extract_rate:1437.7
2015-07-16 20:31:39,743 - root - INFO - csdn_topics:flow_num:0 flow_rate:0.0 extract_rate:95217.6
2015-07-16 20:31:39,809 - root - INFO - csdn_blogs:flow_num:0 flow_rate:0.0 extract_rate:1066.9
2015-07-16 20:31:39,877 - root - INFO - gna:flow_num:0 flow_rate:0.0 extract_rate:121
2015-07-16 20:31:39,947 - root - INFO - 51cto_blog:flow_num:0 flow_rate:0.0 extract_rate:294.3
2015-07-16 20:31:40,020 - root - INFO - freecode_projects:flow_num:0 flow_rate:0.0 extract_rate:4070.5
2015-07-16 20:31:40,098 - root - INFO - cnblog_news:flow_num:0 flow_rate:0.0 extract_rate:15156.1
2015-07-16 20:31:40,345 - root - INFO - iteye_blog:flow_num:0 flow_rate:0.0 extract_rate:36
2015-07-16 20:31:55,301 - root - INFO - time.struct_time(tm_year=2015, tm_mon=7, tm_mday=16, tm_hour=20, tm_min=31, tm_sec=55, tm_wday=3, tm_yday=197, tm_isdst=0)
2015-07-16 20:31:55,608 - root - INFO - csdn_ask:flow_num:0 flow_rate:0.0 extract_rate:2038.7
2015-07-16 20:31:55,750 - root - INFO - lagou:flow_num:0 flow_rate:0.0 extract_rate:3611.5
2015-07-16 20:31:55,855 - root - INFO - oschina_question:flow_num:0 flow_rate:0.0 extract_rate:4685.5
2015-07-16 20:31:55,898 - root - INFO - neitui:flow_num:0 flow_rate:0.0 extract_rate:2140.3
2015-07-16 20:31:55,943 - root - INFO - cnblog_question:flow_num:0 flow_rate:0.0 extract_rate:1040.3
2015-07-16 20:31:55,976 - root - INFO - lupaworld:flow_num:0 flow_rate:0.0 extract_rate:899.6
2015-07-16 20:31:56,009 - root - INFO - openhub_project:flow_num:0 flow_rate:0.0 extract_rate:30917.4
2015-07-16 20:31:56,042 - root - INFO - codeproject:flow_num:0 flow_rate:0.0 extract_rate:500.2
2015-07-16 20:31:56,221 - root - INFO - softpedia:flow_num:0 flow_rate:0.0 extract_rate:46.36
2015-07-16 20:31:56,460 - root - INFO - slashdot:flow_num:0 flow_rate:0.0 extract_rate:120.2
2015-07-16 20:31:56,497 - root - INFO - oschina_project:flow_num:0 flow_rate:0.0 extract_rate:2997
2015-07-16 20:31:56,542 - root - INFO - iteye_ask:flow_num:0 flow_rate:0.0 extract_rate:9589.5
2015-07-16 20:31:56,619 - root - INFO - stackoverflow_q:flow_num:0 flow_rate:0.0 extract_rate:148822.9
2015-07-16 20:31:56,697 - root - INFO - sourceforge_project:flow_num:0 flow_rate:0.0 extract_rate:36495.5
2015-07-16 20:31:56,730 - root - INFO - linuxtone:flow_num:0 flow_rate:0.0 extract_rate:555.2
2015-07-16 20:31:56,763 - root - INFO - apache:flow_num:0 flow_rate:0.0 extract_rate:24.7
2015-07-16 20:31:56,796 - root - INFO - phpchina:flow_num:0 flow_rate:0.0 extract_rate:6248.2
2015-07-16 20:31:56,836 - root - INFO - dewen_question:flow_num:0 flow_rate:0.0 extract_rate:1437.7
2015-07-16 20:31:56,875 - root - INFO - csdn_topics:flow_num:0 flow_rate:0.0 extract_rate:95217.6
2015-07-16 20:31:57,119 - root - INFO - csdn_blogs:flow_num:0 flow_rate:0.0 extract_rate:1066.9
2015-07-16 20:31:57,265 - root - INFO - gna:flow_num:0 flow_rate:0.0 extract_rate:121
2015-07-16 20:31:57,341 - root - INFO - 51cto_blog:flow_num:0 flow_rate:0.0 extract_rate:294.3
2015-07-16 20:31:57,418 - root - INFO - freecode_projects:flow_num:0 flow_rate:0.0 extract_rate:4070.5
2015-07-16 20:31:57,451 - root - INFO - cnblog_news:flow_num:0 flow_rate:0.0 extract_rate:15156.1
2015-07-16 20:31:57,517 - root - INFO - iteye_blog:flow_num:0 flow_rate:0.0 extract_rate:36
2015-07-16 20:35:01,624 - root - INFO - time.struct_time(tm_year=2015, tm_mon=7, tm_mday=16, tm_hour=20, tm_min=35, tm_sec=1, tm_wday=3, tm_yday=197, tm_isdst=0)
2015-07-16 20:35:01,936 - root - INFO - csdn_ask:flow_num:0 flow_rate:0.0 extract_rate:2038.7
2015-07-16 20:35:05,303 - root - INFO - lagou:flow_num:0 flow_rate:0.0 extract_rate:3611.5
2015-07-16 20:35:07,611 - root - INFO - oschina_question:flow_num:0 flow_rate:0.0 extract_rate:4685.5
2015-07-16 20:35:10,444 - root - INFO - neitui:flow_num:0 flow_rate:0.0 extract_rate:2140.3
2015-07-16 20:35:14,220 - root - INFO - cnblog_question:flow_num:0 flow_rate:0.0 extract_rate:1040.3
2015-07-16 20:35:16,677 - root - INFO - lupaworld:flow_num:0 flow_rate:0.0 extract_rate:899.6
2015-07-16 20:35:18,825 - root - INFO - openhub_project:flow_num:0 flow_rate:0.0 extract_rate:30917.4
2015-07-16 20:35:20,809 - root - INFO - codeproject:flow_num:0 flow_rate:0.0 extract_rate:500.2
2015-07-16 20:35:22,819 - root - INFO - softpedia:flow_num:0 flow_rate:0.0 extract_rate:46.36
2015-07-16 20:35:25,904 - root - INFO - slashdot:flow_num:0 flow_rate:0.0 extract_rate:120.2
2015-07-16 20:35:27,855 - root - INFO - oschina_project:flow_num:0 flow_rate:0.0 extract_rate:2997
2015-07-16 20:35:29,933 - root - INFO - iteye_ask:flow_num:0 flow_rate:0.0 extract_rate:9589.5
2015-07-16 20:35:32,049 - root - INFO - stackoverflow_q:flow_num:0 flow_rate:0.0 extract_rate:148822.9
2015-07-16 20:35:34,259 - root - INFO - sourceforge_project:flow_num:0 flow_rate:0.0 extract_rate:36495.5
2015-07-16 20:35:36,283 - root - INFO - linuxtone:flow_num:0 flow_rate:0.0 extract_rate:555.2
2015-07-16 20:35:39,059 - root - INFO - apache:flow_num:0 flow_rate:0.0 extract_rate:24.7
2015-07-16 20:35:41,220 - root - INFO - phpchina:flow_num:0 flow_rate:0.0 extract_rate:6248.2
2015-07-16 20:35:43,644 - root - INFO - dewen_question:flow_num:0 flow_rate:0.0 extract_rate:1437.7
2015-07-16 21:28:38,398 - root - INFO - time.struct_time(tm_year=2015, tm_mon=7, tm_mday=16, tm_hour=21, tm_min=28, tm_sec=38, tm_wday=3, tm_yday=197, tm_isdst=0)
2015-07-16 21:28:40,667 - root - INFO - csdn_ask:flow_num:0 flow_rate:0.0 extract_rate:2038.7
